<?xml version="1.0" encoding="UTF-8"?>
<!-- Generated by org.testng.reporters.JUnitXMLReporter -->
<testsuite hostname="DESKTOP-VBREMM5" ignored="0" name="Default test" tests="6" failures="0" timestamp="31 May 2019 06:49:14 GMT" time="18.253" errors="0">
  <testcase name="checkContentEncoding" time="0.017" classname="com.employeeapi.testCases.TC005_Delete_Employee_Record"/>
  <testcase name="checkContentType" time="0.01" classname="com.employeeapi.testCases.TC005_Delete_Employee_Record"/>
  <testcase name="checkResponseBody" time="0.001" classname="com.employeeapi.testCases.TC005_Delete_Employee_Record"/>
  <testcase name="checkServerType" time="0.008" classname="com.employeeapi.testCases.TC005_Delete_Employee_Record"/>
  <testcase name="checkStatusCode" time="0.007" classname="com.employeeapi.testCases.TC005_Delete_Employee_Record"/>
  <testcase name="checkStatusLine" time="0.007" classname="com.employeeapi.testCases.TC005_Delete_Employee_Record"/>
</testsuite> <!-- Default test -->
