<?xml version="1.0" encoding="UTF-8"?>
<!-- Generated by org.testng.reporters.JUnitXMLReporter -->
<testsuite hostname="DESKTOP-VBREMM5" ignored="0" name="POM Model Test Cases" tests="34" failures="4" timestamp="01 Jun 2019 18:55:22 GMT" time="31.254" errors="0">
  <testcase name="checkContentEncoding" time="0.024" classname="com.employeeapi.testCases.TC001_Get_All_Employees"/>
  <testcase name="checkContentLength" time="0.01" classname="com.employeeapi.testCases.TC001_Get_All_Employees"/>
  <testcase name="checkContentType" time="0.008" classname="com.employeeapi.testCases.TC001_Get_All_Employees"/>
  <testcase name="checkCookies" time="0.003" classname="com.employeeapi.testCases.TC001_Get_All_Employees"/>
  <testcase name="checkResponseBody" time="0.16" classname="com.employeeapi.testCases.TC001_Get_All_Employees"/>
  <testcase name="checkResponseTime" time="0.024" classname="com.employeeapi.testCases.TC001_Get_All_Employees"/>
  <testcase name="checkServerType" time="0.005" classname="com.employeeapi.testCases.TC001_Get_All_Employees"/>
  <testcase name="checkStatusCode" time="0.014" classname="com.employeeapi.testCases.TC001_Get_All_Employees"/>
  <testcase name="checkStatusLine" time="0.006" classname="com.employeeapi.testCases.TC001_Get_All_Employees"/>
  <testcase name="checkContentLength" time="0.0" classname="com.employeeapi.testCases.TC002_Get_Single_Employee_Record">
    <failure type="java.lang.NumberFormatException" message="null">
      <![CDATA[java.lang.NumberFormatException: null
at java.lang.Integer.parseInt(Integer.java:542)
at java.lang.Integer.parseInt(Integer.java:615)
at com.employeeapi.testCases.TC002_Get_Single_Employee_Record.checkContentLength(TC002_Get_Single_Employee_Record.java:77)
... Removed 25 stack frames]]>
    </failure>
  </testcase> <!-- checkContentLength -->
  <testcase name="checkContentType" time="0.01" classname="com.employeeapi.testCases.TC002_Get_Single_Employee_Record"/>
  <testcase name="checkResponseBody" time="0.007" classname="com.employeeapi.testCases.TC002_Get_Single_Employee_Record">
    <failure type="java.lang.AssertionError" message="expected [true] but found [false]">
      <![CDATA[java.lang.AssertionError: expected [true] but found [false]
at com.employeeapi.testCases.TC002_Get_Single_Employee_Record.checkResponseBody(TC002_Get_Single_Employee_Record.java:32)
... Removed 31 stack frames]]>
    </failure>
  </testcase> <!-- checkResponseBody -->
  <testcase name="checkResponseTime" time="0.006" classname="com.employeeapi.testCases.TC002_Get_Single_Employee_Record"/>
  <testcase name="checkServerType" time="0.0" classname="com.employeeapi.testCases.TC002_Get_Single_Employee_Record"/>
  <testcase name="checkStatusCode" time="0.01" classname="com.employeeapi.testCases.TC002_Get_Single_Employee_Record">
    <failure type="java.lang.AssertionError" message="expected [200] but found [404]">
      <![CDATA[java.lang.AssertionError: expected [200] but found [404]
at com.employeeapi.testCases.TC002_Get_Single_Employee_Record.checkStatusCode(TC002_Get_Single_Employee_Record.java:40)
... Removed 31 stack frames]]>
    </failure>
  </testcase> <!-- checkStatusCode -->
  <testcase name="checkStatusLine" time="0.0" classname="com.employeeapi.testCases.TC002_Get_Single_Employee_Record">
    <failure type="java.lang.AssertionError" message="expected [HTTP/1.1 200 OK] but found [HTTP/1.1 404 Not Found]">
      <![CDATA[java.lang.AssertionError: expected [HTTP/1.1 200 OK] but found [HTTP/1.1 404 Not Found]
at com.employeeapi.testCases.TC002_Get_Single_Employee_Record.checkStatusLine(TC002_Get_Single_Employee_Record.java:53)
... Removed 31 stack frames]]>
    </failure>
  </testcase> <!-- checkStatusLine -->
  <testcase name="checkContentEncoding" time="0.0" classname="com.employeeapi.testCases.TC003_Post_Employee_Record"/>
  <testcase name="checkContentType" time="0.004" classname="com.employeeapi.testCases.TC003_Post_Employee_Record"/>
  <testcase name="checkResponseBody" time="0.0" classname="com.employeeapi.testCases.TC003_Post_Employee_Record"/>
  <testcase name="checkServerType" time="0.004" classname="com.employeeapi.testCases.TC003_Post_Employee_Record"/>
  <testcase name="checkStatusCode" time="0.011" classname="com.employeeapi.testCases.TC003_Post_Employee_Record"/>
  <testcase name="checkStatusLine" time="0.007" classname="com.employeeapi.testCases.TC003_Post_Employee_Record"/>
  <testcase name="checkContentEncoding" time="0.003" classname="com.employeeapi.testCases.TC004_Put_Employee_Record"/>
  <testcase name="checkContentType" time="0.006" classname="com.employeeapi.testCases.TC004_Put_Employee_Record"/>
  <testcase name="checkResponseBody" time="0.006" classname="com.employeeapi.testCases.TC004_Put_Employee_Record"/>
  <testcase name="checkServerType" time="0.01" classname="com.employeeapi.testCases.TC004_Put_Employee_Record"/>
  <testcase name="checkStatusCode" time="0.004" classname="com.employeeapi.testCases.TC004_Put_Employee_Record"/>
  <testcase name="checkStatusLine" time="0.0" classname="com.employeeapi.testCases.TC004_Put_Employee_Record"/>
  <testcase name="checkContentEncoding" time="0.004" classname="com.employeeapi.testCases.TC005_Delete_Employee_Record"/>
  <testcase name="checkContentType" time="0.003" classname="com.employeeapi.testCases.TC005_Delete_Employee_Record"/>
  <testcase name="checkResponseBody" time="0.006" classname="com.employeeapi.testCases.TC005_Delete_Employee_Record"/>
  <testcase name="checkServerType" time="0.013" classname="com.employeeapi.testCases.TC005_Delete_Employee_Record"/>
  <testcase name="checkStatusCode" time="0.0" classname="com.employeeapi.testCases.TC005_Delete_Employee_Record"/>
  <testcase name="checkStatusLine" time="0.004" classname="com.employeeapi.testCases.TC005_Delete_Employee_Record"/>
</testsuite> <!-- POM Model Test Cases -->
